c:\users\user\desktop\grafika_lab2-master\openglrememberproj\debug\vc142.pdb
c:\users\user\desktop\grafika_lab2-master\openglrememberproj\debug\vc142.idb
c:\users\user\desktop\grafika_lab2-master\openglrememberproj\debug\render.obj
c:\users\user\desktop\grafika_lab2-master\openglrememberproj\debug\primitivesstatic.obj
c:\users\user\desktop\grafika_lab2-master\openglrememberproj\debug\primitives.obj
c:\users\user\desktop\grafika_lab2-master\openglrememberproj\debug\openglrememberproj.obj
c:\users\user\desktop\grafika_lab2-master\openglrememberproj\debug\object.obj
c:\users\user\desktop\grafika_lab2-master\openglrememberproj\debug\guitextrectangle.obj
c:\users\user\desktop\grafika_lab2-master\openglrememberproj\debug\myogl.obj
c:\users\user\desktop\grafika_lab2-master\debug\openglrememberproj.exe
c:\users\user\desktop\grafika_lab2-master\debug\openglrememberproj.ilk
c:\users\user\desktop\grafika_lab2-master\debug\openglrememberproj.pdb
c:\users\user\desktop\grafika_lab2-master\openglrememberproj\debug\openglrememberproj.res
c:\users\user\desktop\grafika_lab2-master\openglrememberproj\debug\openglre.c624775c.tlog\cl.command.1.tlog
c:\users\user\desktop\grafika_lab2-master\openglrememberproj\debug\openglre.c624775c.tlog\cl.read.1.tlog
c:\users\user\desktop\grafika_lab2-master\openglrememberproj\debug\openglre.c624775c.tlog\cl.write.1.tlog
c:\users\user\desktop\grafika_lab2-master\openglrememberproj\debug\openglre.c624775c.tlog\link.command.1.tlog
c:\users\user\desktop\grafika_lab2-master\openglrememberproj\debug\openglre.c624775c.tlog\link.read.1.tlog
c:\users\user\desktop\grafika_lab2-master\openglrememberproj\debug\openglre.c624775c.tlog\link.write.1.tlog
c:\users\user\desktop\grafika_lab2-master\openglrememberproj\debug\openglre.c624775c.tlog\rc.command.1.tlog
c:\users\user\desktop\grafika_lab2-master\openglrememberproj\debug\openglre.c624775c.tlog\rc.read.1.tlog
c:\users\user\desktop\grafika_lab2-master\openglrememberproj\debug\openglre.c624775c.tlog\rc.write.1.tlog
